Jul 29, 2014 9:54:03 PM com.sun.jini.mahalo.TxnManagerImpl doInit
INFO: Mahalo started: com.sun.jini.mahalo.TransientMahaloImpl@5c7ba86
Jul 29, 2014 9:54:03 PM org.springframework.beans.factory.support.DefaultSingletonBeanRegistry destroySingletons
INFO: Destroying singletons in org.springframework.beans.factory.support.DefaultListableBeanFactory@6604ec21: defining beans [org.springframework.context.annotation.internalConfigurationAnnotationProcessor,org.springframework.context.annotation.internalAutowiredAnnotationProcessor,org.springframework.context.annotation.internalRequiredAnnotationProcessor,org.springframework.context.annotation.internalCommonAnnotationProcessor,org.openspaces.core.context.GigaSpaceContextBeanPostProcessor#0,org.openspaces.remoting.RemotingAnnotationBeanPostProcessor#0,org.springframework.context.support.PropertySourcesPlaceholderConfigurer#0,space,transactionManager,real_gigaSpace,spaceMonitor,averageCounter,collectPeriodicMetricsTask,schedulerPeriodicTask,timerPeriodicTask,org.springframework.scheduling.timer.TimerFactoryBean#0,org.springframework.context.annotation.ConfigurationClassPostProcessor.importAwareProcessor]; root of factory hierarchy
Jul 29, 2014 9:54:08 PM org.springframework.context.support.AbstractApplicationContext prepareRefresh
INFO: Refreshing org.springframework.context.support.ClassPathXmlApplicationContext@668daa3e: startup date [Tue Jul 29 21:54:08 CDT 2014]; root of context hierarchy
Jul 29, 2014 9:54:08 PM org.springframework.beans.factory.xml.XmlBeanDefinitionReader loadBeanDefinitions
INFO: Loading XML bean definitions from class path resource [META-INF/spring/admin-api-context.xml]
Jul 29, 2014 9:54:09 PM org.springframework.core.io.support.PropertiesLoaderSupport loadProperties
INFO: Loading properties file from class path resource [admin_api.properties]
Jul 29, 2014 9:54:09 PM org.springframework.beans.factory.support.DefaultListableBeanFactory preInstantiateSingletons
INFO: Pre-instantiating singletons in org.springframework.beans.factory.support.DefaultListableBeanFactory@59dc1091: defining beans [org.springframework.context.annotation.internalConfigurationAnnotationProcessor,org.springframework.context.annotation.internalAutowiredAnnotationProcessor,org.springframework.context.annotation.internalRequiredAnnotationProcessor,org.springframework.context.annotation.internalCommonAnnotationProcessor,org.openspaces.core.context.GigaSpaceContextBeanPostProcessor#0,org.openspaces.remoting.RemotingAnnotationBeanPostProcessor#0,org.springframework.context.support.PropertySourcesPlaceholderConfigurer#0,space,transactionManager,real_gigaSpace,spaceMonitor,averageCounter,collectPeriodicMetricsTask,schedulerPeriodicTask,timerPeriodicTask,org.springframework.scheduling.timer.TimerFactoryBean#0,org.springframework.context.annotation.ConfigurationClassPostProcessor.importAwareProcessor]; root of factory hierarchy
Jul 29, 2014 9:54:09 PM com.sun.jini.mahalo.TxnManagerImpl doInit
INFO: Mahalo started: com.sun.jini.mahalo.TransientMahaloImpl@31945b7a
Jul 29, 2014 9:54:09 PM org.springframework.beans.factory.support.DefaultSingletonBeanRegistry destroySingletons
INFO: Destroying singletons in org.springframework.beans.factory.support.DefaultListableBeanFactory@59dc1091: defining beans [org.springframework.context.annotation.internalConfigurationAnnotationProcessor,org.springframework.context.annotation.internalAutowiredAnnotationProcessor,org.springframework.context.annotation.internalRequiredAnnotationProcessor,org.springframework.context.annotation.internalCommonAnnotationProcessor,org.openspaces.core.context.GigaSpaceContextBeanPostProcessor#0,org.openspaces.remoting.RemotingAnnotationBeanPostProcessor#0,org.springframework.context.support.PropertySourcesPlaceholderConfigurer#0,space,transactionManager,real_gigaSpace,spaceMonitor,averageCounter,collectPeriodicMetricsTask,schedulerPeriodicTask,timerPeriodicTask,org.springframework.scheduling.timer.TimerFactoryBean#0,org.springframework.context.annotation.ConfigurationClassPostProcessor.importAwareProcessor]; root of factory hierarchy
Jul 29, 2014 9:54:14 PM org.springframework.context.support.AbstractApplicationContext prepareRefresh
INFO: Refreshing org.springframework.context.support.ClassPathXmlApplicationContext@6177202f: startup date [Tue Jul 29 21:54:14 CDT 2014]; root of context hierarchy
Jul 29, 2014 9:54:14 PM org.springframework.beans.factory.xml.XmlBeanDefinitionReader loadBeanDefinitions
INFO: Loading XML bean definitions from class path resource [META-INF/spring/admin-api-context.xml]
Jul 29, 2014 9:54:15 PM org.springframework.core.io.support.PropertiesLoaderSupport loadProperties
INFO: Loading properties file from class path resource [admin_api.properties]
Jul 29, 2014 9:54:15 PM org.springframework.beans.factory.support.DefaultListableBeanFactory preInstantiateSingletons
INFO: Pre-instantiating singletons in org.springframework.beans.factory.support.DefaultListableBeanFactory@5b917391: defining beans [org.springframework.context.annotation.internalConfigurationAnnotationProcessor,org.springframework.context.annotation.internalAutowiredAnnotationProcessor,org.springframework.context.annotation.internalRequiredAnnotationProcessor,org.springframework.context.annotation.internalCommonAnnotationProcessor,org.openspaces.core.context.GigaSpaceContextBeanPostProcessor#0,org.openspaces.remoting.RemotingAnnotationBeanPostProcessor#0,org.springframework.context.support.PropertySourcesPlaceholderConfigurer#0,space,transactionManager,real_gigaSpace,spaceMonitor,averageCounter,collectPeriodicMetricsTask,schedulerPeriodicTask,timerPeriodicTask,org.springframework.scheduling.timer.TimerFactoryBean#0,org.springframework.context.annotation.ConfigurationClassPostProcessor.importAwareProcessor]; root of factory hierarchy
Jul 29, 2014 9:54:15 PM com.sun.jini.mahalo.TxnManagerImpl doInit
INFO: Mahalo started: com.sun.jini.mahalo.TransientMahaloImpl@322005f0
Jul 29, 2014 9:54:15 PM org.springframework.beans.factory.support.DefaultSingletonBeanRegistry destroySingletons
INFO: Destroying singletons in org.springframework.beans.factory.support.DefaultListableBeanFactory@5b917391: defining beans [org.springframework.context.annotation.internalConfigurationAnnotationProcessor,org.springframework.context.annotation.internalAutowiredAnnotationProcessor,org.springframework.context.annotation.internalRequiredAnnotationProcessor,org.springframework.context.annotation.internalCommonAnnotationProcessor,org.openspaces.core.context.GigaSpaceContextBeanPostProcessor#0,org.openspaces.remoting.RemotingAnnotationBeanPostProcessor#0,org.springframework.context.support.PropertySourcesPlaceholderConfigurer#0,space,transactionManager,real_gigaSpace,spaceMonitor,averageCounter,collectPeriodicMetricsTask,schedulerPeriodicTask,timerPeriodicTask,org.springframework.scheduling.timer.TimerFactoryBean#0,org.springframework.context.annotation.ConfigurationClassPostProcessor.importAwareProcessor]; root of factory hierarchy
Jul 29, 2014 9:54:20 PM org.springframework.context.support.AbstractApplicationContext prepareRefresh
INFO: Refreshing org.springframework.context.support.ClassPathXmlApplicationContext@490c63e1: startup date [Tue Jul 29 21:54:20 CDT 2014]; root of context hierarchy
Jul 29, 2014 9:54:20 PM org.springframework.beans.factory.xml.XmlBeanDefinitionReader loadBeanDefinitions
INFO: Loading XML bean definitions from class path resource [META-INF/spring/admin-api-context.xml]
