Jul 29, 2014 9:26:50 PM com.sun.jini.mahalo.TxnManagerImpl doInit
INFO: Mahalo started: com.sun.jini.mahalo.TransientMahaloImpl@38208582
Jul 29, 2014 9:26:50 PM org.springframework.beans.factory.support.DefaultSingletonBeanRegistry destroySingletons
INFO: Destroying singletons in org.springframework.beans.factory.support.DefaultListableBeanFactory@55e02f98: defining beans [org.springframework.context.annotation.internalConfigurationAnnotationProcessor,org.springframework.context.annotation.internalAutowiredAnnotationProcessor,org.springframework.context.annotation.internalRequiredAnnotationProcessor,org.springframework.context.annotation.internalCommonAnnotationProcessor,org.openspaces.core.context.GigaSpaceContextBeanPostProcessor#0,org.openspaces.remoting.RemotingAnnotationBeanPostProcessor#0,org.springframework.context.support.PropertySourcesPlaceholderConfigurer#0,space,transactionManager,real_gigaSpace,spaceMonitor,averageCounter,collectPeriodicMetricsTask,schedulerPeriodicTask,timerPeriodicTask,org.springframework.scheduling.timer.TimerFactoryBean#0,org.springframework.context.annotation.ConfigurationClassPostProcessor.importAwareProcessor]; root of factory hierarchy
Jul 29, 2014 9:26:55 PM org.springframework.context.support.AbstractApplicationContext prepareRefresh
INFO: Refreshing org.springframework.context.support.ClassPathXmlApplicationContext@40e689f6: startup date [Tue Jul 29 21:26:55 CDT 2014]; root of context hierarchy
Jul 29, 2014 9:26:55 PM org.springframework.beans.factory.xml.XmlBeanDefinitionReader loadBeanDefinitions
INFO: Loading XML bean definitions from class path resource [META-INF/spring/admin-api-context.xml]
Jul 29, 2014 9:26:56 PM org.springframework.core.io.support.PropertiesLoaderSupport loadProperties
INFO: Loading properties file from class path resource [admin_api.properties]
Jul 29, 2014 9:26:56 PM org.springframework.beans.factory.support.DefaultListableBeanFactory preInstantiateSingletons
INFO: Pre-instantiating singletons in org.springframework.beans.factory.support.DefaultListableBeanFactory@53687596: defining beans [org.springframework.context.annotation.internalConfigurationAnnotationProcessor,org.springframework.context.annotation.internalAutowiredAnnotationProcessor,org.springframework.context.annotation.internalRequiredAnnotationProcessor,org.springframework.context.annotation.internalCommonAnnotationProcessor,org.openspaces.core.context.GigaSpaceContextBeanPostProcessor#0,org.openspaces.remoting.RemotingAnnotationBeanPostProcessor#0,org.springframework.context.support.PropertySourcesPlaceholderConfigurer#0,space,transactionManager,real_gigaSpace,spaceMonitor,averageCounter,collectPeriodicMetricsTask,schedulerPeriodicTask,timerPeriodicTask,org.springframework.scheduling.timer.TimerFactoryBean#0,org.springframework.context.annotation.ConfigurationClassPostProcessor.importAwareProcessor]; root of factory hierarchy
Jul 29, 2014 9:26:56 PM com.sun.jini.mahalo.TxnManagerImpl doInit
INFO: Mahalo started: com.sun.jini.mahalo.TransientMahaloImpl@7c4ccb2f
Jul 29, 2014 9:26:56 PM org.springframework.beans.factory.support.DefaultSingletonBeanRegistry destroySingletons
INFO: Destroying singletons in org.springframework.beans.factory.support.DefaultListableBeanFactory@53687596: defining beans [org.springframework.context.annotation.internalConfigurationAnnotationProcessor,org.springframework.context.annotation.internalAutowiredAnnotationProcessor,org.springframework.context.annotation.internalRequiredAnnotationProcessor,org.springframework.context.annotation.internalCommonAnnotationProcessor,org.openspaces.core.context.GigaSpaceContextBeanPostProcessor#0,org.openspaces.remoting.RemotingAnnotationBeanPostProcessor#0,org.springframework.context.support.PropertySourcesPlaceholderConfigurer#0,space,transactionManager,real_gigaSpace,spaceMonitor,averageCounter,collectPeriodicMetricsTask,schedulerPeriodicTask,timerPeriodicTask,org.springframework.scheduling.timer.TimerFactoryBean#0,org.springframework.context.annotation.ConfigurationClassPostProcessor.importAwareProcessor]; root of factory hierarchy
Jul 29, 2014 9:27:01 PM org.springframework.context.support.AbstractApplicationContext prepareRefresh
INFO: Refreshing org.springframework.context.support.ClassPathXmlApplicationContext@18300a3c: startup date [Tue Jul 29 21:27:01 CDT 2014]; root of context hierarchy
Jul 29, 2014 9:27:01 PM org.springframework.beans.factory.xml.XmlBeanDefinitionReader loadBeanDefinitions
INFO: Loading XML bean definitions from class path resource [META-INF/spring/admin-api-context.xml]
Jul 29, 2014 9:27:02 PM org.springframework.core.io.support.PropertiesLoaderSupport loadProperties
INFO: Loading properties file from class path resource [admin_api.properties]
Jul 29, 2014 9:27:02 PM org.springframework.beans.factory.support.DefaultListableBeanFactory preInstantiateSingletons
INFO: Pre-instantiating singletons in org.springframework.beans.factory.support.DefaultListableBeanFactory@799c787c: defining beans [org.springframework.context.annotation.internalConfigurationAnnotationProcessor,org.springframework.context.annotation.internalAutowiredAnnotationProcessor,org.springframework.context.annotation.internalRequiredAnnotationProcessor,org.springframework.context.annotation.internalCommonAnnotationProcessor,org.openspaces.core.context.GigaSpaceContextBeanPostProcessor#0,org.openspaces.remoting.RemotingAnnotationBeanPostProcessor#0,org.springframework.context.support.PropertySourcesPlaceholderConfigurer#0,space,transactionManager,real_gigaSpace,spaceMonitor,averageCounter,collectPeriodicMetricsTask,schedulerPeriodicTask,timerPeriodicTask,org.springframework.scheduling.timer.TimerFactoryBean#0,org.springframework.context.annotation.ConfigurationClassPostProcessor.importAwareProcessor]; root of factory hierarchy
Jul 29, 2014 9:27:02 PM com.sun.jini.mahalo.TxnManagerImpl doInit
INFO: Mahalo started: com.sun.jini.mahalo.TransientMahaloImpl@2503bc4
Jul 29, 2014 9:27:02 PM org.springframework.beans.factory.support.DefaultSingletonBeanRegistry destroySingletons
INFO: Destroying singletons in org.springframework.beans.factory.support.DefaultListableBeanFactory@799c787c: defining beans [org.springframework.context.annotation.internalConfigurationAnnotationProcessor,org.springframework.context.annotation.internalAutowiredAnnotationProcessor,org.springframework.context.annotation.internalRequiredAnnotationProcessor,org.springframework.context.annotation.internalCommonAnnotationProcessor,org.openspaces.core.context.GigaSpaceContextBeanPostProcessor#0,org.openspaces.remoting.RemotingAnnotationBeanPostProcessor#0,org.springframework.context.support.PropertySourcesPlaceholderConfigurer#0,space,transactionManager,real_gigaSpace,spaceMonitor,averageCounter,collectPeriodicMetricsTask,schedulerPeriodicTask,timerPeriodicTask,org.springframework.scheduling.timer.TimerFactoryBean#0,org.springframework.context.annotation.ConfigurationClassPostProcessor.importAwareProcessor]; root of factory hierarchy
Jul 29, 2014 9:27:07 PM org.springframework.context.support.AbstractApplicationContext prepareRefresh
INFO: Refreshing org.springframework.context.support.ClassPathXmlApplicationContext@51b17cc0: startup date [Tue Jul 29 21:27:07 CDT 2014]; root of context hierarchy
Jul 29, 2014 9:27:07 PM org.springframework.beans.factory.xml.XmlBeanDefinitionReader loadBeanDefinitions
INFO: Loading XML bean definitions from class path resource [META-INF/spring/admin-api-context.xml]
Jul 29, 2014 9:27:08 PM org.springframework.core.io.support.PropertiesLoaderSupport loadProperties
INFO: Loading properties file from class path resource [admin_api.properties]
Jul 29, 2014 9:27:08 PM org.springframework.beans.factory.support.DefaultListableBeanFactory preInstantiateSingletons
INFO: Pre-instantiating singletons in org.springframework.beans.factory.support.DefaultListableBeanFactory@7ac68e7c: defining beans [org.springframework.context.annotation.internalConfigurationAnnotationProcessor,org.springframework.context.annotation.internalAutowiredAnnotationProcessor,org.springframework.context.annotation.internalRequiredAnnotationProcessor,org.springframework.context.annotation.internalCommonAnnotationProcessor,org.openspaces.core.context.GigaSpaceContextBeanPostProcessor#0,org.openspaces.remoting.RemotingAnnotationBeanPostProcessor#0,org.springframework.context.support.PropertySourcesPlaceholderConfigurer#0,space,transactionManager,real_gigaSpace,spaceMonitor,averageCounter,collectPeriodicMetricsTask,schedulerPeriodicTask,timerPeriodicTask,org.springframework.scheduling.timer.TimerFactoryBean#0,org.springframework.context.annotation.ConfigurationClassPostProcessor.importAwareProcessor]; root of factory hierarchy
Jul 29, 2014 9:27:08 PM com.sun.jini.mahalo.TxnManagerImpl doInit
INFO: Mahalo started: com.sun.jini.mahalo.TransientMahaloImpl@18f06b64
Jul 29, 2014 9:27:08 PM org.springframework.beans.factory.support.DefaultSingletonBeanRegistry destroySingletons
INFO: Destroying singletons in org.springframework.beans.factory.support.DefaultListableBeanFactory@7ac68e7c: defining beans [org.springframework.context.annotation.internalConfigurationAnnotationProcessor,org.springframework.context.annotation.internalAutowiredAnnotationProcessor,org.springframework.context.annotation.internalRequiredAnnotationProcessor,org.springframework.context.annotation.internalCommonAnnotationProcessor,org.openspaces.core.context.GigaSpaceContextBeanPostProcessor#0,org.openspaces.remoting.RemotingAnnotationBeanPostProcessor#0,org.springframework.context.support.PropertySourcesPlaceholderConfigurer#0,space,transactionManager,real_gigaSpace,spaceMonitor,averageCounter,collectPeriodicMetricsTask,schedulerPeriodicTask,timerPeriodicTask,org.springframework.scheduling.timer.TimerFactoryBean#0,org.springframework.context.annotation.ConfigurationClassPostProcessor.importAwareProcessor]; root of factory hierarchy
Jul 29, 2014 9:27:13 PM org.springframework.context.support.AbstractApplicationContext prepareRefresh
INFO: Refreshing org.springframework.context.support.ClassPathXmlApplicationContext@1991731: startup date [Tue Jul 29 21:27:13 CDT 2014]; root of context hierarchy
Jul 29, 2014 9:27:13 PM org.springframework.beans.factory.xml.XmlBeanDefinitionReader loadBeanDefinitions
INFO: Loading XML bean definitions from class path resource [META-INF/spring/admin-api-context.xml]
