Jul 29, 2014 9:30:59 PM com.sun.jini.mahalo.TxnManagerImpl doInit
INFO: Mahalo started: com.sun.jini.mahalo.TransientMahaloImpl@73bccddb
Jul 29, 2014 9:30:59 PM org.springframework.beans.factory.support.DefaultSingletonBeanRegistry destroySingletons
INFO: Destroying singletons in org.springframework.beans.factory.support.DefaultListableBeanFactory@55e02f98: defining beans [org.springframework.context.annotation.internalConfigurationAnnotationProcessor,org.springframework.context.annotation.internalAutowiredAnnotationProcessor,org.springframework.context.annotation.internalRequiredAnnotationProcessor,org.springframework.context.annotation.internalCommonAnnotationProcessor,org.openspaces.core.context.GigaSpaceContextBeanPostProcessor#0,org.openspaces.remoting.RemotingAnnotationBeanPostProcessor#0,org.springframework.context.support.PropertySourcesPlaceholderConfigurer#0,space,transactionManager,real_gigaSpace,spaceMonitor,averageCounter,collectPeriodicMetricsTask,schedulerPeriodicTask,timerPeriodicTask,org.springframework.scheduling.timer.TimerFactoryBean#0,org.springframework.context.annotation.ConfigurationClassPostProcessor.importAwareProcessor]; root of factory hierarchy
Jul 29, 2014 9:31:04 PM org.springframework.context.support.AbstractApplicationContext prepareRefresh
INFO: Refreshing org.springframework.context.support.ClassPathXmlApplicationContext@17c0d4d0: startup date [Tue Jul 29 21:31:04 CDT 2014]; root of context hierarchy
Jul 29, 2014 9:31:04 PM org.springframework.beans.factory.xml.XmlBeanDefinitionReader loadBeanDefinitions
INFO: Loading XML bean definitions from class path resource [META-INF/spring/admin-api-context.xml]
Jul 29, 2014 9:31:05 PM org.springframework.core.io.support.PropertiesLoaderSupport loadProperties
INFO: Loading properties file from class path resource [admin_api.properties]
Jul 29, 2014 9:31:05 PM org.springframework.beans.factory.support.DefaultListableBeanFactory preInstantiateSingletons
INFO: Pre-instantiating singletons in org.springframework.beans.factory.support.DefaultListableBeanFactory@71bc895: defining beans [org.springframework.context.annotation.internalConfigurationAnnotationProcessor,org.springframework.context.annotation.internalAutowiredAnnotationProcessor,org.springframework.context.annotation.internalRequiredAnnotationProcessor,org.springframework.context.annotation.internalCommonAnnotationProcessor,org.openspaces.core.context.GigaSpaceContextBeanPostProcessor#0,org.openspaces.remoting.RemotingAnnotationBeanPostProcessor#0,org.springframework.context.support.PropertySourcesPlaceholderConfigurer#0,space,transactionManager,real_gigaSpace,spaceMonitor,averageCounter,collectPeriodicMetricsTask,schedulerPeriodicTask,timerPeriodicTask,org.springframework.scheduling.timer.TimerFactoryBean#0,org.springframework.context.annotation.ConfigurationClassPostProcessor.importAwareProcessor]; root of factory hierarchy
Jul 29, 2014 9:31:05 PM com.sun.jini.mahalo.TxnManagerImpl doInit
INFO: Mahalo started: com.sun.jini.mahalo.TransientMahaloImpl@408e7833
Jul 29, 2014 9:31:05 PM org.springframework.beans.factory.support.DefaultSingletonBeanRegistry destroySingletons
INFO: Destroying singletons in org.springframework.beans.factory.support.DefaultListableBeanFactory@71bc895: defining beans [org.springframework.context.annotation.internalConfigurationAnnotationProcessor,org.springframework.context.annotation.internalAutowiredAnnotationProcessor,org.springframework.context.annotation.internalRequiredAnnotationProcessor,org.springframework.context.annotation.internalCommonAnnotationProcessor,org.openspaces.core.context.GigaSpaceContextBeanPostProcessor#0,org.openspaces.remoting.RemotingAnnotationBeanPostProcessor#0,org.springframework.context.support.PropertySourcesPlaceholderConfigurer#0,space,transactionManager,real_gigaSpace,spaceMonitor,averageCounter,collectPeriodicMetricsTask,schedulerPeriodicTask,timerPeriodicTask,org.springframework.scheduling.timer.TimerFactoryBean#0,org.springframework.context.annotation.ConfigurationClassPostProcessor.importAwareProcessor]; root of factory hierarchy
Jul 29, 2014 9:31:10 PM org.springframework.context.support.AbstractApplicationContext prepareRefresh
INFO: Refreshing org.springframework.context.support.ClassPathXmlApplicationContext@6637b753: startup date [Tue Jul 29 21:31:10 CDT 2014]; root of context hierarchy
Jul 29, 2014 9:31:10 PM org.springframework.beans.factory.xml.XmlBeanDefinitionReader loadBeanDefinitions
INFO: Loading XML bean definitions from class path resource [META-INF/spring/admin-api-context.xml]
Jul 29, 2014 9:31:11 PM org.springframework.core.io.support.PropertiesLoaderSupport loadProperties
INFO: Loading properties file from class path resource [admin_api.properties]
Jul 29, 2014 9:31:11 PM org.springframework.beans.factory.support.DefaultListableBeanFactory preInstantiateSingletons
INFO: Pre-instantiating singletons in org.springframework.beans.factory.support.DefaultListableBeanFactory@669e0691: defining beans [org.springframework.context.annotation.internalConfigurationAnnotationProcessor,org.springframework.context.annotation.internalAutowiredAnnotationProcessor,org.springframework.context.annotation.internalRequiredAnnotationProcessor,org.springframework.context.annotation.internalCommonAnnotationProcessor,org.openspaces.core.context.GigaSpaceContextBeanPostProcessor#0,org.openspaces.remoting.RemotingAnnotationBeanPostProcessor#0,org.springframework.context.support.PropertySourcesPlaceholderConfigurer#0,space,transactionManager,real_gigaSpace,spaceMonitor,averageCounter,collectPeriodicMetricsTask,schedulerPeriodicTask,timerPeriodicTask,org.springframework.scheduling.timer.TimerFactoryBean#0,org.springframework.context.annotation.ConfigurationClassPostProcessor.importAwareProcessor]; root of factory hierarchy
Jul 29, 2014 9:31:11 PM com.sun.jini.mahalo.TxnManagerImpl doInit
INFO: Mahalo started: com.sun.jini.mahalo.TransientMahaloImpl@54f02243
Jul 29, 2014 9:31:11 PM org.springframework.beans.factory.support.DefaultSingletonBeanRegistry destroySingletons
INFO: Destroying singletons in org.springframework.beans.factory.support.DefaultListableBeanFactory@669e0691: defining beans [org.springframework.context.annotation.internalConfigurationAnnotationProcessor,org.springframework.context.annotation.internalAutowiredAnnotationProcessor,org.springframework.context.annotation.internalRequiredAnnotationProcessor,org.springframework.context.annotation.internalCommonAnnotationProcessor,org.openspaces.core.context.GigaSpaceContextBeanPostProcessor#0,org.openspaces.remoting.RemotingAnnotationBeanPostProcessor#0,org.springframework.context.support.PropertySourcesPlaceholderConfigurer#0,space,transactionManager,real_gigaSpace,spaceMonitor,averageCounter,collectPeriodicMetricsTask,schedulerPeriodicTask,timerPeriodicTask,org.springframework.scheduling.timer.TimerFactoryBean#0,org.springframework.context.annotation.ConfigurationClassPostProcessor.importAwareProcessor]; root of factory hierarchy
Jul 29, 2014 9:31:16 PM org.springframework.context.support.AbstractApplicationContext prepareRefresh
INFO: Refreshing org.springframework.context.support.ClassPathXmlApplicationContext@6f0f183e: startup date [Tue Jul 29 21:31:16 CDT 2014]; root of context hierarchy
Jul 29, 2014 9:31:16 PM org.springframework.beans.factory.xml.XmlBeanDefinitionReader loadBeanDefinitions
INFO: Loading XML bean definitions from class path resource [META-INF/spring/admin-api-context.xml]
Jul 29, 2014 9:31:17 PM org.springframework.core.io.support.PropertiesLoaderSupport loadProperties
INFO: Loading properties file from class path resource [admin_api.properties]
Jul 29, 2014 9:31:17 PM org.springframework.beans.factory.support.DefaultListableBeanFactory preInstantiateSingletons
INFO: Pre-instantiating singletons in org.springframework.beans.factory.support.DefaultListableBeanFactory@3eafd487: defining beans [org.springframework.context.annotation.internalConfigurationAnnotationProcessor,org.springframework.context.annotation.internalAutowiredAnnotationProcessor,org.springframework.context.annotation.internalRequiredAnnotationProcessor,org.springframework.context.annotation.internalCommonAnnotationProcessor,org.openspaces.core.context.GigaSpaceContextBeanPostProcessor#0,org.openspaces.remoting.RemotingAnnotationBeanPostProcessor#0,org.springframework.context.support.PropertySourcesPlaceholderConfigurer#0,space,transactionManager,real_gigaSpace,spaceMonitor,averageCounter,collectPeriodicMetricsTask,schedulerPeriodicTask,timerPeriodicTask,org.springframework.scheduling.timer.TimerFactoryBean#0,org.springframework.context.annotation.ConfigurationClassPostProcessor.importAwareProcessor]; root of factory hierarchy
Jul 29, 2014 9:31:17 PM com.sun.jini.mahalo.TxnManagerImpl doInit
INFO: Mahalo started: com.sun.jini.mahalo.TransientMahaloImpl@501b7924
Jul 29, 2014 9:31:17 PM org.springframework.beans.factory.support.DefaultSingletonBeanRegistry destroySingletons
INFO: Destroying singletons in org.springframework.beans.factory.support.DefaultListableBeanFactory@3eafd487: defining beans [org.springframework.context.annotation.internalConfigurationAnnotationProcessor,org.springframework.context.annotation.internalAutowiredAnnotationProcessor,org.springframework.context.annotation.internalRequiredAnnotationProcessor,org.springframework.context.annotation.internalCommonAnnotationProcessor,org.openspaces.core.context.GigaSpaceContextBeanPostProcessor#0,org.openspaces.remoting.RemotingAnnotationBeanPostProcessor#0,org.springframework.context.support.PropertySourcesPlaceholderConfigurer#0,space,transactionManager,real_gigaSpace,spaceMonitor,averageCounter,collectPeriodicMetricsTask,schedulerPeriodicTask,timerPeriodicTask,org.springframework.scheduling.timer.TimerFactoryBean#0,org.springframework.context.annotation.ConfigurationClassPostProcessor.importAwareProcessor]; root of factory hierarchy
