Sep 09, 2014 3:00:37 PM org.springframework.scheduling.support.MethodInvokingRunnable run
SEVERE: Invocation of method 'collectMetrics' on target class [class com.gigaspaces.sbp.metrics.CollectPeriodicMetricsVisitorTask] failed
java.lang.NullPointerException
	at com.gigaspaces.sbp.metrics.visitor.AbstractStatsVisitor.<init>(AbstractStatsVisitor.java:93)
	at com.gigaspaces.sbp.metrics.visitor.CsvVisitor.<init>(CsvVisitor.java:20)
	at com.gigaspaces.sbp.metrics.CollectPeriodicMetricsVisitorTask.collectMetrics(CollectPeriodicMetricsVisitorTask.java:41)
	at sun.reflect.GeneratedMethodAccessor30.invoke(Unknown Source)
	at sun.reflect.DelegatingMethodAccessorImpl.invoke(DelegatingMethodAccessorImpl.java:43)
	at java.lang.reflect.Method.invoke(Method.java:601)
	at org.springframework.util.MethodInvoker.invoke(MethodInvoker.java:273)
	at org.springframework.scheduling.support.MethodInvokingRunnable.run(MethodInvokingRunnable.java:65)
	at org.springframework.scheduling.timer.DelegatingTimerTask.run(DelegatingTimerTask.java:70)
	at java.util.TimerThread.mainLoop(Timer.java:555)
	at java.util.TimerThread.run(Timer.java:505)

Sep 09, 2014 3:00:47 PM org.springframework.scheduling.support.MethodInvokingRunnable run
SEVERE: Invocation of method 'collectMetrics' on target class [class com.gigaspaces.sbp.metrics.CollectPeriodicMetricsVisitorTask] failed
java.lang.NullPointerException
	at com.gigaspaces.sbp.metrics.visitor.AbstractStatsVisitor.<init>(AbstractStatsVisitor.java:93)
	at com.gigaspaces.sbp.metrics.visitor.CsvVisitor.<init>(CsvVisitor.java:20)
	at com.gigaspaces.sbp.metrics.CollectPeriodicMetricsVisitorTask.collectMetrics(CollectPeriodicMetricsVisitorTask.java:41)
	at sun.reflect.GeneratedMethodAccessor30.invoke(Unknown Source)
	at sun.reflect.DelegatingMethodAccessorImpl.invoke(DelegatingMethodAccessorImpl.java:43)
	at java.lang.reflect.Method.invoke(Method.java:601)
	at org.springframework.util.MethodInvoker.invoke(MethodInvoker.java:273)
	at org.springframework.scheduling.support.MethodInvokingRunnable.run(MethodInvokingRunnable.java:65)
	at org.springframework.scheduling.timer.DelegatingTimerTask.run(DelegatingTimerTask.java:70)
	at java.util.TimerThread.mainLoop(Timer.java:555)
	at java.util.TimerThread.run(Timer.java:505)

Sep 09, 2014 10:13:07 PM org.springframework.scheduling.support.MethodInvokingRunnable run
SEVERE: Invocation of method 'collectMetrics' on target class [class com.gigaspaces.sbp.metrics.CollectPeriodicMetricsVisitorTask] failed
java.lang.NullPointerException
	at com.gigaspaces.sbp.metrics.visitor.AbstractStatsVisitor.<init>(AbstractStatsVisitor.java:93)
	at com.gigaspaces.sbp.metrics.visitor.CsvVisitor.<init>(CsvVisitor.java:20)
	at com.gigaspaces.sbp.metrics.CollectPeriodicMetricsVisitorTask.collectMetrics(CollectPeriodicMetricsVisitorTask.java:41)
	at sun.reflect.GeneratedMethodAccessor30.invoke(Unknown Source)
	at sun.reflect.DelegatingMethodAccessorImpl.invoke(DelegatingMethodAccessorImpl.java:43)
	at java.lang.reflect.Method.invoke(Method.java:601)
	at org.springframework.util.MethodInvoker.invoke(MethodInvoker.java:273)
	at org.springframework.scheduling.support.MethodInvokingRunnable.run(MethodInvokingRunnable.java:65)
	at org.springframework.scheduling.timer.DelegatingTimerTask.run(DelegatingTimerTask.java:70)
	at java.util.TimerThread.mainLoop(Timer.java:555)
	at java.util.TimerThread.run(Timer.java:505)

Sep 09, 2014 10:13:17 PM org.springframework.scheduling.support.MethodInvokingRunnable run
SEVERE: Invocation of method 'collectMetrics' on target class [class com.gigaspaces.sbp.metrics.CollectPeriodicMetricsVisitorTask] failed
java.lang.NullPointerException
	at com.gigaspaces.sbp.metrics.visitor.AbstractStatsVisitor.<init>(AbstractStatsVisitor.java:93)
	at com.gigaspaces.sbp.metrics.visitor.CsvVisitor.<init>(CsvVisitor.java:20)
	at com.gigaspaces.sbp.metrics.CollectPeriodicMetricsVisitorTask.collectMetrics(CollectPeriodicMetricsVisitorTask.java:41)
	at sun.reflect.GeneratedMethodAccessor30.invoke(Unknown Source)
	at sun.reflect.DelegatingMethodAccessorImpl.invoke(DelegatingMethodAccessorImpl.java:43)
	at java.lang.reflect.Method.invoke(Method.java:601)
	at org.springframework.util.MethodInvoker.invoke(MethodInvoker.java:273)
	at org.springframework.scheduling.support.MethodInvokingRunnable.run(MethodInvokingRunnable.java:65)
	at org.springframework.scheduling.timer.DelegatingTimerTask.run(DelegatingTimerTask.java:70)
	at java.util.TimerThread.mainLoop(Timer.java:555)
	at java.util.TimerThread.run(Timer.java:505)

